TN:
SF:unitTestingTask.js
FN:1,(anonymous_0)
FN:3,(anonymous_1)
FN:11,(anonymous_2)
FN:23,leadingZeroes
FN:40,(anonymous_4)
FN:43,(anonymous_5)
FN:46,(anonymous_6)
FN:49,(anonymous_7)
FN:52,(anonymous_8)
FN:55,(anonymous_9)
FN:58,(anonymous_10)
FN:61,(anonymous_11)
FN:64,(anonymous_12)
FN:67,(anonymous_13)
FN:70,(anonymous_14)
FN:73,(anonymous_15)
FN:76,(anonymous_16)
FN:79,(anonymous_17)
FN:82,(anonymous_18)
FN:85,(anonymous_19)
FN:88,(anonymous_20)
FN:91,(anonymous_21)
FN:94,(anonymous_22)
FN:97,(anonymous_23)
FN:100,(anonymous_24)
FN:103,(anonymous_25)
FN:106,(anonymous_26)
FN:109,(anonymous_27)
FN:119,(anonymous_28)
FN:170,unitTestingTask
FN:186,(anonymous_30)
FN:207,(anonymous_31)
FN:234,(anonymous_32)
FN:238,(anonymous_33)
FN:244,(anonymous_34)
FN:258,(anonymous_35)
FN:259,(anonymous_36)
FN:290,(anonymous_37)
FN:300,(anonymous_38)
FN:318,(anonymous_39)
FNF:40
FNH:36
FNDA:2,(anonymous_0)
FNDA:0,(anonymous_1)
FNDA:2,(anonymous_2)
FNDA:14,leadingZeroes
FNDA:1,(anonymous_4)
FNDA:2,(anonymous_5)
FNDA:3,(anonymous_6)
FNDA:3,(anonymous_7)
FNDA:1,(anonymous_8)
FNDA:1,(anonymous_9)
FNDA:2,(anonymous_10)
FNDA:2,(anonymous_11)
FNDA:2,(anonymous_12)
FNDA:2,(anonymous_13)
FNDA:2,(anonymous_14)
FNDA:1,(anonymous_15)
FNDA:3,(anonymous_16)
FNDA:1,(anonymous_17)
FNDA:1,(anonymous_18)
FNDA:1,(anonymous_19)
FNDA:1,(anonymous_20)
FNDA:1,(anonymous_21)
FNDA:1,(anonymous_22)
FNDA:1,(anonymous_23)
FNDA:1,(anonymous_24)
FNDA:1,(anonymous_25)
FNDA:3,(anonymous_26)
FNDA:2,(anonymous_27)
FNDA:1,(anonymous_28)
FNDA:41,unitTestingTask
FNDA:39,(anonymous_30)
FNDA:32,(anonymous_31)
FNDA:1,(anonymous_32)
FNDA:1,(anonymous_33)
FNDA:2,(anonymous_34)
FNDA:8,(anonymous_35)
FNDA:0,(anonymous_36)
FNDA:8,(anonymous_37)
FNDA:0,(anonymous_38)
FNDA:0,(anonymous_39)
DA:1,2
DA:2,2
DA:3,0
DA:4,0
DA:6,2
DA:7,2
DA:9,0
DA:24,14
DA:25,14
DA:27,14
DA:28,0
DA:32,14
DA:34,14
DA:37,2
DA:39,2
DA:41,1
DA:44,2
DA:47,3
DA:50,3
DA:53,1
DA:56,1
DA:59,2
DA:62,2
DA:65,2
DA:68,2
DA:71,2
DA:74,1
DA:77,3
DA:80,1
DA:83,1
DA:86,1
DA:89,1
DA:92,1
DA:95,1
DA:98,1
DA:101,1
DA:104,1
DA:107,3
DA:110,2
DA:111,2
DA:112,2
DA:113,2
DA:115,2
DA:117,2
DA:120,1
DA:124,2
DA:125,2
DA:126,50
DA:127,50
DA:130,2
DA:171,41
DA:172,4
DA:175,37
DA:176,1
DA:179,36
DA:181,36
DA:183,36
DA:184,0
DA:186,36
DA:187,39
DA:197,2
DA:207,2
DA:208,32
DA:209,18
DA:212,14
DA:213,11
DA:214,0
DA:215,11
DA:216,11
DA:217,11
DA:218,10
DA:220,1
DA:223,10
DA:226,3
DA:227,3
DA:228,3
DA:232,2
DA:235,1
DA:239,1
DA:245,2
DA:246,0
DA:248,2
DA:258,2
DA:259,8
DA:260,0
DA:261,0
DA:270,2
DA:290,2
DA:291,8
DA:292,8
DA:300,2
DA:301,0
DA:305,2
DA:306,2
DA:307,2
DA:308,2
DA:311,2
DA:318,2
DA:319,0
DA:320,0
DA:323,2
LF:101
LH:89
BRDA:2,0,0,0
BRDA:2,0,1,2
BRDA:2,1,0,2
BRDA:2,1,1,0
BRDA:6,2,0,2
BRDA:6,2,1,0
BRDA:25,3,0,1
BRDA:25,3,1,13
BRDA:27,4,0,0
BRDA:27,4,1,14
BRDA:37,5,0,2
BRDA:37,5,1,2
BRDA:80,6,0,1
BRDA:80,6,1,0
BRDA:83,7,0,1
BRDA:83,7,1,0
BRDA:113,8,0,0
BRDA:113,8,1,2
BRDA:115,9,0,2
BRDA:115,9,1,1
BRDA:126,10,0,50
BRDA:126,10,1,0
BRDA:171,11,0,4
BRDA:171,11,1,37
BRDA:171,12,0,41
BRDA:171,12,1,39
BRDA:175,13,0,1
BRDA:175,13,1,36
BRDA:175,14,0,37
BRDA:175,14,1,36
BRDA:175,14,2,1
BRDA:175,14,3,1
BRDA:179,15,0,35
BRDA:179,15,1,1
BRDA:179,16,0,36
BRDA:179,16,1,35
BRDA:179,17,0,35
BRDA:179,17,1,0
BRDA:183,18,0,0
BRDA:183,18,1,36
BRDA:208,19,0,18
BRDA:208,19,1,14
BRDA:212,20,0,11
BRDA:212,20,1,3
BRDA:213,21,0,0
BRDA:213,21,1,11
BRDA:213,22,0,11
BRDA:213,22,1,11
BRDA:215,23,0,11
BRDA:215,23,1,0
BRDA:245,24,0,0
BRDA:245,24,1,2
BRDA:246,25,0,0
BRDA:246,25,1,0
BRDA:248,26,0,1
BRDA:248,26,1,1
BRDA:260,27,0,0
BRDA:260,27,1,0
BRDA:260,27,2,0
BRF:59
BRH:41
end_of_record
TN:
SF:lang\pl.js
FN:1,(anonymous_0)
FN:9,(anonymous_1)
FN:21,(anonymous_2)
FN:29,(anonymous_3)
FN:36,(anonymous_4)
FNF:5
FNH:5
FNDA:1,(anonymous_0)
FNDA:1,(anonymous_1)
FNDA:2,(anonymous_2)
FNDA:2,(anonymous_3)
FNDA:2,(anonymous_4)
DA:1,1
DA:2,1
DA:3,0
DA:4,1
DA:5,1
DA:7,0
DA:10,1
DA:22,2
DA:23,2
DA:30,2
DA:31,2
DA:37,2
DA:38,1
DA:40,1
LF:14
LH:12
BRDA:2,0,0,0
BRDA:2,0,1,1
BRDA:2,1,0,1
BRDA:2,1,1,0
BRDA:4,2,0,1
BRDA:4,2,1,0
BRDA:22,3,0,1
BRDA:22,3,1,1
BRDA:30,4,0,1
BRDA:30,4,1,1
BRDA:37,5,0,1
BRDA:37,5,1,1
BRF:12
BRH:9
end_of_record
